android/app/build/intermediates/manifest_merge_blame_file/debug/manifest-merger-blame-debug-report.txt
1<?xml version="1.0" encoding="utf-8"?>
2<manifest xmlns:android="http://schemas.android.com/apk/res/android"
3    package="com.example.al_hadith"
4    android:versionCode="1"
5    android:versionName="1.0.0" >
6
7    <uses-sdk
8        android:minSdkVersion="21"
9        android:targetSdkVersion="34" />
10    <!--
11         The INTERNET permission is required for development. Specifically,
12         the Flutter tool needs it to communicate with the running application
13         to allow setting breakpoints, to provide hot reload, etc.
14    -->
15    <uses-permission android:name="android.permission.INTERNET" />
15-->src\debug\AndroidManifest.xml:6:5-66
15-->src\debug\AndroidManifest.xml:6:22-64
16    <!--
17     Required to query activities that can process text, see:
18         https://developer.android.com/training/package-visibility and
19         https://developer.android.com/reference/android/content/Intent#ACTION_PROCESS_TEXT.
20
21         In particular, this is used by the Flutter engine in io.flutter.plugin.text.ProcessTextPlugin.
22    -->
23    <queries>
23-->src\main\AndroidManifest.xml:39:5-44:15
24        <intent>
24-->src\main\AndroidManifest.xml:40:9-43:18
25            <action android:name="android.intent.action.PROCESS_TEXT" />
25-->src\main\AndroidManifest.xml:41:13-72
25-->src\main\AndroidManifest.xml:41:21-70
26
27            <data android:mimeType="text/plain" />
27-->src\main\AndroidManifest.xml:42:13-50
27-->src\main\AndroidManifest.xml:42:19-48
28        </intent>
29    </queries>
30
31    <permission
31-->[androidx.core:core:1.12.0] AndroidManifest.xml:22:5-24:47
32        android:name="com.example.al_hadith.DYNAMIC_RECEIVER_NOT_EXPORTED_PERMISSION"
32-->[androidx.core:core:1.12.0] AndroidManifest.xml:23:9-81
33        android:protectionLevel="signature" />
33-->[androidx.core:core:1.12.0] AndroidManifest.xml:24:9-44
34
35    <uses-permission android:name="com.example.al_hadith.DYNAMIC_RECEIVER_NOT_EXPORTED_PERMISSION" />
35-->[androidx.core:core:1.12.0] AndroidManifest.xml:26:5-97
35-->[androidx.core:core:1.12.0] AndroidManifest.xml:26:22-94
36
37    <application
38        android:name="android.app.Application"
39        android:appComponentFactory="androidx.core.app.CoreComponentFactory"
39-->[androidx.core:core:1.12.0] AndroidManifest.xml:28:18-86
40        android:debuggable="true"
41        android:icon="@mipmap/ic_launcher"
42        android:label="al_hadith" >
43        <activity
44            android:name="com.example.al_hadith.MainActivity"
45            android:configChanges="orientation|keyboardHidden|keyboard|screenSize|smallestScreenSize|locale|layoutDirection|fontScale|screenLayout|density|uiMode"
46            android:exported="true"
47            android:hardwareAccelerated="true"
48            android:launchMode="singleTop"
49            android:taskAffinity=""
50            android:theme="@style/LaunchTheme"
51            android:windowSoftInputMode="adjustResize" >
52
53            <!--
54                 Specifies an Android theme to apply to this Activity as soon as
55                 the Android process has started. This theme is visible to the user
56                 while the Flutter UI initializes. After that, this theme continues
57                 to determine the Window background behind the Flutter UI.
58            -->
59            <meta-data
60                android:name="io.flutter.embedding.android.NormalTheme"
61                android:resource="@style/NormalTheme" />
62
63            <intent-filter>
64                <action android:name="android.intent.action.MAIN" />
65
66                <category android:name="android.intent.category.LAUNCHER" />
67            </intent-filter>
68        </activity>
69        <!--
70             Don't delete the meta-data below.
71             This is used by the Flutter tool to generate GeneratedPluginRegistrant.java
72        -->
73        <meta-data
74            android:name="flutterEmbedding"
75            android:value="2" />
76        <!--
77           Declares a provider which allows us to store files to share in
78           '.../caches/share_plus' and grant the receiving action access
79        -->
80        <provider
80-->[:share_plus] AndroidManifest.xml:15:9-23:20
81            android:name="dev.fluttercommunity.plus.share.ShareFileProvider"
81-->[:share_plus] AndroidManifest.xml:16:13-77
82            android:authorities="com.example.al_hadith.flutter.share_provider"
82-->[:share_plus] AndroidManifest.xml:17:13-74
83            android:exported="false"
83-->[:share_plus] AndroidManifest.xml:18:13-37
84            android:grantUriPermissions="true" >
84-->[:share_plus] AndroidManifest.xml:19:13-47
85            <meta-data
85-->[:share_plus] AndroidManifest.xml:20:13-22:68
86                android:name="android.support.FILE_PROVIDER_PATHS"
86-->[:share_plus] AndroidManifest.xml:21:17-67
87                android:resource="@xml/flutter_share_file_paths" />
87-->[:share_plus] AndroidManifest.xml:22:17-65
88        </provider>
89        <!--
90           This manifest declared broadcast receiver allows us to use an explicit
91           Intent when creating a PendingItent to be informed of the user's choice
92        -->
93        <receiver
93-->[:share_plus] AndroidManifest.xml:28:9-34:20
94            android:name="dev.fluttercommunity.plus.share.SharePlusPendingIntent"
94-->[:share_plus] AndroidManifest.xml:29:13-82
95            android:exported="false" >
95-->[:share_plus] AndroidManifest.xml:30:13-37
96            <intent-filter>
96-->[:share_plus] AndroidManifest.xml:31:13-33:29
97                <action android:name="EXTRA_CHOSEN_COMPONENT" />
97-->[:share_plus] AndroidManifest.xml:32:17-65
97-->[:share_plus] AndroidManifest.xml:32:25-62
98            </intent-filter>
99        </receiver>
100
101        <uses-library
101-->[androidx.window:window:1.0.0-beta04] AndroidManifest.xml:25:9-27:40
102            android:name="androidx.window.extensions"
102-->[androidx.window:window:1.0.0-beta04] AndroidManifest.xml:26:13-54
103            android:required="false" />
103-->[androidx.window:window:1.0.0-beta04] AndroidManifest.xml:27:13-37
104        <uses-library
104-->[androidx.window:window:1.0.0-beta04] AndroidManifest.xml:28:9-30:40
105            android:name="androidx.window.sidecar"
105-->[androidx.window:window:1.0.0-beta04] AndroidManifest.xml:29:13-51
106            android:required="false" />
106-->[androidx.window:window:1.0.0-beta04] AndroidManifest.xml:30:13-37
107    </application>
108
109</manifest>